<?xml version="1.0" encoding="UTF-8"?>
<!-- Generated by org.testng.reporters.JUnitReportReporter -->
<testsuite hostname="DESKTOP-FLH9LGC" failures="0" tests="1" name="com.halligan.test.FirstTest" time="8.130" errors="0" timestamp="2021-04-10T20:24:28 IST" skipped="0">
  <testcase classname="com.halligan.test.FirstTest" name="chrome" time="8.130"/>
  <system-out/>
</testsuite> <!-- com.halligan.test.FirstTest -->
