<?xml version="1.0" encoding="UTF-8"?>
<!-- Generated by org.testng.reporters.JUnitReportReporter -->
<testsuite hostname="DESKTOP-FLH9LGC" failures="0" tests="1" name="com.halligan.test.SecondTest" time="8.329" errors="0" timestamp="2021-04-10T20:24:28 IST" skipped="0">
  <testcase classname="com.halligan.test.SecondTest" name="Firefox" time="8.329"/>
  <system-out/>
</testsuite> <!-- com.halligan.test.SecondTest -->
