<?xml version="1.0" encoding="UTF-8"?>
<!-- Generated by org.testng.reporters.JUnitReportReporter -->
<testsuite hostname="DESKTOP-FLH9LGC" failures="0" tests="2" name="com.halligan.test.Anothertest" time="21.704" errors="0" timestamp="2021-04-09T10:54:30 IST" skipped="0">
  <testcase classname="com.halligan.test.Anothertest" name="Test_02" time="9.010"/>
  <system-out/>
  <testcase classname="com.halligan.test.Anothertest" name="Test_01" time="12.694"/>
  <system-out/>
</testsuite> <!-- com.halligan.test.Anothertest -->
