<?xml version="1.0" encoding="UTF-8"?>
<!-- Generated by org.testng.reporters.JUnitReportReporter -->
<testsuite hostname="DESKTOP-FLH9LGC" failures="0" tests="1" name="stepDefinitions.Testrunner" time="3.336" errors="0" timestamp="2021-04-11T21:03:19 IST" skipped="0">
  <testcase classname="stepDefinitions.Testrunner" name="runScenario" time="3.336"/>
  <system-out/>
</testsuite> <!-- stepDefinitions.Testrunner -->
